ERROR - 2026-01-19 09:52:08 --> Case insertion failed with validation errors: {"crime_category":"The crime_category field must be one of: violent,property,drug,cybercrime,sexual,juvenile,other."}
ERROR - 2026-01-19 10:17:06 --> Case insertion failed with validation errors: {"crime_category":"The crime_category field must be one of: violent,property,drug,cybercrime,sexual,juvenile,other."}
ERROR - 2026-01-19 20:14:35 --> Insert failed. Model errors: {"report_html":"Report HTML content is required"}
ERROR - 2026-01-19 20:17:01 --> Insert failed. Model errors: {"report_html":"Report HTML content is required"}
ERROR - 2026-01-19 20:20:28 --> Insert failed. Model errors: {"report_html":"Report HTML content is required"}
ERROR - 2026-01-19 20:20:51 --> Insert failed. Model errors: {"report_html":"Report HTML content is required"}
ERROR - 2026-01-19 20:21:41 --> Insert failed. Model errors: {"report_html":"Report HTML content is required"}
ERROR - 2026-01-19 20:35:01 --> mysqli_sql_exception: You have an error in your SQL syntax; check the manual that corresponds to your MariaDB server version for the right syntax to use near ') VALUES (13, 'CASE/XGD-01/2026/0001', 'Full Report - CASE/XGD-01/2026/0001',...' at line 1 in C:\Users\hp\Documents\kismayo police\systempolic\vendor\codeigniter4\framework\system\Database\MySQLi\Connection.php:327
Stack trace:
#0 C:\Users\hp\Documents\kismayo police\systempolic\vendor\codeigniter4\framework\system\Database\MySQLi\Connection.php(327): mysqli->query('INSERT INTO `sa...', 0)
#1 C:\Users\hp\Documents\kismayo police\systempolic\vendor\codeigniter4\framework\system\Database\BaseConnection.php(729): CodeIgniter\Database\MySQLi\Connection->execute('INSERT INTO `sa...')
#2 C:\Users\hp\Documents\kismayo police\systempolic\vendor\codeigniter4\framework\system\Database\BaseConnection.php(646): CodeIgniter\Database\BaseConnection->simpleQuery('INSERT INTO `sa...')
#3 C:\Users\hp\Documents\kismayo police\systempolic\vendor\codeigniter4\framework\system\Database\BaseBuilder.php(2345): CodeIgniter\Database\BaseConnection->query('INSERT INTO `sa...', Array, false)
#4 C:\Users\hp\Documents\kismayo police\systempolic\vendor\codeigniter4\framework\system\Model.php(394): CodeIgniter\Database\BaseBuilder->insert()
#5 C:\Users\hp\Documents\kismayo police\systempolic\vendor\codeigniter4\framework\system\BaseModel.php(838): CodeIgniter\Model->doInsert(Array)
#6 C:\Users\hp\Documents\kismayo police\systempolic\vendor\codeigniter4\framework\system\Model.php(797): CodeIgniter\BaseModel->insert(Array, true)
#7 C:\Users\hp\Documents\kismayo police\systempolic\app\Controllers\Investigation\SavedHTMLReportController.php(136): CodeIgniter\Model->insert(Array)
#8 C:\Users\hp\Documents\kismayo police\systempolic\vendor\codeigniter4\framework\system\CodeIgniter.php(933): App\Controllers\Investigation\SavedHTMLReportController->save()
#9 C:\Users\hp\Documents\kismayo police\systempolic\vendor\codeigniter4\framework\system\CodeIgniter.php(507): CodeIgniter\CodeIgniter->runController(Object(App\Controllers\Investigation\SavedHTMLReportController))
#10 C:\Users\hp\Documents\kismayo police\systempolic\vendor\codeigniter4\framework\system\CodeIgniter.php(354): CodeIgniter\CodeIgniter->handleRequest(NULL, Object(Config\Cache), false)
#11 C:\Users\hp\Documents\kismayo police\systempolic\vendor\codeigniter4\framework\system\Boot.php(363): CodeIgniter\CodeIgniter->run()
#12 C:\Users\hp\Documents\kismayo police\systempolic\vendor\codeigniter4\framework\system\Boot.php(68): CodeIgniter\Boot::runCodeIgniter(Object(CodeIgniter\CodeIgniter))
#13 C:\Users\hp\Documents\kismayo police\systempolic\public\index.php(59): CodeIgniter\Boot::bootWeb(Object(Config\Paths))
#14 C:\Users\hp\Documents\kismayo police\systempolic\vendor\codeigniter4\framework\system\rewrite.php(44): require_once('C:\\Users\\hp\\Doc...')
#15 {main}
ERROR - 2026-01-19 20:35:01 --> === HTML REPORT SAVE EXCEPTION ===
ERROR - 2026-01-19 20:35:01 --> Exception: You have an error in your SQL syntax; check the manual that corresponds to your MariaDB server version for the right syntax to use near ') VALUES (13, 'CASE/XGD-01/2026/0001', 'Full Report - CASE/XGD-01/2026/0001',...' at line 1
ERROR - 2026-01-19 20:35:01 --> Trace: #0 C:\Users\hp\Documents\kismayo police\systempolic\vendor\codeigniter4\framework\system\Database\BaseBuilder.php(2345): CodeIgniter\Database\BaseConnection->query('INSERT INTO `sa...', Array, false)
#1 C:\Users\hp\Documents\kismayo police\systempolic\vendor\codeigniter4\framework\system\Model.php(394): CodeIgniter\Database\BaseBuilder->insert()
#2 C:\Users\hp\Documents\kismayo police\systempolic\vendor\codeigniter4\framework\system\BaseModel.php(838): CodeIgniter\Model->doInsert(Array)
#3 C:\Users\hp\Documents\kismayo police\systempolic\vendor\codeigniter4\framework\system\Model.php(797): CodeIgniter\BaseModel->insert(Array, true)
#4 C:\Users\hp\Documents\kismayo police\systempolic\app\Controllers\Investigation\SavedHTMLReportController.php(136): CodeIgniter\Model->insert(Array)
#5 C:\Users\hp\Documents\kismayo police\systempolic\vendor\codeigniter4\framework\system\CodeIgniter.php(933): App\Controllers\Investigation\SavedHTMLReportController->save()
#6 C:\Users\hp\Documents\kismayo police\systempolic\vendor\codeigniter4\framework\system\CodeIgniter.php(507): CodeIgniter\CodeIgniter->runController(Object(App\Controllers\Investigation\SavedHTMLReportController))
#7 C:\Users\hp\Documents\kismayo police\systempolic\vendor\codeigniter4\framework\system\CodeIgniter.php(354): CodeIgniter\CodeIgniter->handleRequest(NULL, Object(Config\Cache), false)
#8 C:\Users\hp\Documents\kismayo police\systempolic\vendor\codeigniter4\framework\system\Boot.php(363): CodeIgniter\CodeIgniter->run()
#9 C:\Users\hp\Documents\kismayo police\systempolic\vendor\codeigniter4\framework\system\Boot.php(68): CodeIgniter\Boot::runCodeIgniter(Object(CodeIgniter\CodeIgniter))
#10 C:\Users\hp\Documents\kismayo police\systempolic\public\index.php(59): CodeIgniter\Boot::bootWeb(Object(Config\Paths))
#11 C:\Users\hp\Documents\kismayo police\systempolic\vendor\codeigniter4\framework\system\rewrite.php(44): require_once('C:\\Users\\hp\\Doc...')
#12 {main}
ERROR - 2026-01-19 20:38:48 --> mysqli_sql_exception: Unknown column 'updated_at' in 'field list' in C:\Users\hp\Documents\kismayo police\systempolic\vendor\codeigniter4\framework\system\Database\MySQLi\Connection.php:327
Stack trace:
#0 C:\Users\hp\Documents\kismayo police\systempolic\vendor\codeigniter4\framework\system\Database\MySQLi\Connection.php(327): mysqli->query('INSERT INTO `sa...', 0)
#1 C:\Users\hp\Documents\kismayo police\systempolic\vendor\codeigniter4\framework\system\Database\BaseConnection.php(729): CodeIgniter\Database\MySQLi\Connection->execute('INSERT INTO `sa...')
#2 C:\Users\hp\Documents\kismayo police\systempolic\vendor\codeigniter4\framework\system\Database\BaseConnection.php(646): CodeIgniter\Database\BaseConnection->simpleQuery('INSERT INTO `sa...')
#3 C:\Users\hp\Documents\kismayo police\systempolic\vendor\codeigniter4\framework\system\Database\BaseBuilder.php(2345): CodeIgniter\Database\BaseConnection->query('INSERT INTO `sa...', Array, false)
#4 C:\Users\hp\Documents\kismayo police\systempolic\vendor\codeigniter4\framework\system\Model.php(394): CodeIgniter\Database\BaseBuilder->insert()
#5 C:\Users\hp\Documents\kismayo police\systempolic\vendor\codeigniter4\framework\system\BaseModel.php(838): CodeIgniter\Model->doInsert(Array)
#6 C:\Users\hp\Documents\kismayo police\systempolic\vendor\codeigniter4\framework\system\Model.php(797): CodeIgniter\BaseModel->insert(Array, true)
#7 C:\Users\hp\Documents\kismayo police\systempolic\app\Controllers\Investigation\SavedHTMLReportController.php(136): CodeIgniter\Model->insert(Array)
#8 C:\Users\hp\Documents\kismayo police\systempolic\vendor\codeigniter4\framework\system\CodeIgniter.php(933): App\Controllers\Investigation\SavedHTMLReportController->save()
#9 C:\Users\hp\Documents\kismayo police\systempolic\vendor\codeigniter4\framework\system\CodeIgniter.php(507): CodeIgniter\CodeIgniter->runController(Object(App\Controllers\Investigation\SavedHTMLReportController))
#10 C:\Users\hp\Documents\kismayo police\systempolic\vendor\codeigniter4\framework\system\CodeIgniter.php(354): CodeIgniter\CodeIgniter->handleRequest(NULL, Object(Config\Cache), false)
#11 C:\Users\hp\Documents\kismayo police\systempolic\vendor\codeigniter4\framework\system\Boot.php(363): CodeIgniter\CodeIgniter->run()
#12 C:\Users\hp\Documents\kismayo police\systempolic\vendor\codeigniter4\framework\system\Boot.php(68): CodeIgniter\Boot::runCodeIgniter(Object(CodeIgniter\CodeIgniter))
#13 C:\Users\hp\Documents\kismayo police\systempolic\public\index.php(59): CodeIgniter\Boot::bootWeb(Object(Config\Paths))
#14 C:\Users\hp\Documents\kismayo police\systempolic\vendor\codeigniter4\framework\system\rewrite.php(44): require_once('C:\\Users\\hp\\Doc...')
#15 {main}
ERROR - 2026-01-19 20:38:48 --> === HTML REPORT SAVE EXCEPTION ===
ERROR - 2026-01-19 20:38:48 --> Exception: Unknown column 'updated_at' in 'field list'
ERROR - 2026-01-19 20:38:48 --> Trace: #0 C:\Users\hp\Documents\kismayo police\systempolic\vendor\codeigniter4\framework\system\Database\BaseBuilder.php(2345): CodeIgniter\Database\BaseConnection->query('INSERT INTO `sa...', Array, false)
#1 C:\Users\hp\Documents\kismayo police\systempolic\vendor\codeigniter4\framework\system\Model.php(394): CodeIgniter\Database\BaseBuilder->insert()
#2 C:\Users\hp\Documents\kismayo police\systempolic\vendor\codeigniter4\framework\system\BaseModel.php(838): CodeIgniter\Model->doInsert(Array)
#3 C:\Users\hp\Documents\kismayo police\systempolic\vendor\codeigniter4\framework\system\Model.php(797): CodeIgniter\BaseModel->insert(Array, true)
#4 C:\Users\hp\Documents\kismayo police\systempolic\app\Controllers\Investigation\SavedHTMLReportController.php(136): CodeIgniter\Model->insert(Array)
#5 C:\Users\hp\Documents\kismayo police\systempolic\vendor\codeigniter4\framework\system\CodeIgniter.php(933): App\Controllers\Investigation\SavedHTMLReportController->save()
#6 C:\Users\hp\Documents\kismayo police\systempolic\vendor\codeigniter4\framework\system\CodeIgniter.php(507): CodeIgniter\CodeIgniter->runController(Object(App\Controllers\Investigation\SavedHTMLReportController))
#7 C:\Users\hp\Documents\kismayo police\systempolic\vendor\codeigniter4\framework\system\CodeIgniter.php(354): CodeIgniter\CodeIgniter->handleRequest(NULL, Object(Config\Cache), false)
#8 C:\Users\hp\Documents\kismayo police\systempolic\vendor\codeigniter4\framework\system\Boot.php(363): CodeIgniter\CodeIgniter->run()
#9 C:\Users\hp\Documents\kismayo police\systempolic\vendor\codeigniter4\framework\system\Boot.php(68): CodeIgniter\Boot::runCodeIgniter(Object(CodeIgniter\CodeIgniter))
#10 C:\Users\hp\Documents\kismayo police\systempolic\public\index.php(59): CodeIgniter\Boot::bootWeb(Object(Config\Paths))
#11 C:\Users\hp\Documents\kismayo police\systempolic\vendor\codeigniter4\framework\system\rewrite.php(44): require_once('C:\\Users\\hp\\Doc...')
#12 {main}
