CRITICAL - 2026-01-21 08:15:07 --> CodeIgniter\HTTP\Exceptions\BadRequestException: The URI you submitted has disallowed characters: ""assets"
[Method: GET, Route: %22assets/js/daily-operations.js]
in SYSTEMPATH\Router\Router.php on line 741.
 1 SYSTEMPATH\Router\Router.php(207): CodeIgniter\Router\Router->checkDisallowedChars('"assets/js/daily-operations.js')
 2 SYSTEMPATH\CodeIgniter.php(832): CodeIgniter\Router\Router->handle('"assets/js/daily-operations.js')
 3 SYSTEMPATH\CodeIgniter.php(455): CodeIgniter\CodeIgniter->tryToRouteIt(Object(CodeIgniter\Router\RouteCollection))
 4 SYSTEMPATH\CodeIgniter.php(354): CodeIgniter\CodeIgniter->handleRequest(null, Object(Config\Cache), false)
 5 SYSTEMPATH\Boot.php(363): CodeIgniter\CodeIgniter->run()
 6 SYSTEMPATH\Boot.php(68): CodeIgniter\Boot::runCodeIgniter(Object(CodeIgniter\CodeIgniter))
 7 FCPATH\index.php(59): CodeIgniter\Boot::bootWeb(Object(Config\Paths))
 8 SYSTEMPATH\rewrite.php(44): require_once('C:\\Users\\hp\\Documents\\kismayo police\\systempolic\\public\\index.php')
CRITICAL - 2026-01-21 08:15:07 --> CodeIgniter\HTTP\Exceptions\BadRequestException: The URI you submitted has disallowed characters: ""assets"
[Method: GET, Route: %22assets/js/investigator-dashboard.js]
in SYSTEMPATH\Router\Router.php on line 741.
 1 SYSTEMPATH\Router\Router.php(207): CodeIgniter\Router\Router->checkDisallowedChars('"assets/js/investigator-dashboard.js')
 2 SYSTEMPATH\CodeIgniter.php(832): CodeIgniter\Router\Router->handle('"assets/js/investigator-dashboard.js')
 3 SYSTEMPATH\CodeIgniter.php(455): CodeIgniter\CodeIgniter->tryToRouteIt(Object(CodeIgniter\Router\RouteCollection))
 4 SYSTEMPATH\CodeIgniter.php(354): CodeIgniter\CodeIgniter->handleRequest(null, Object(Config\Cache), false)
 5 SYSTEMPATH\Boot.php(363): CodeIgniter\CodeIgniter->run()
 6 SYSTEMPATH\Boot.php(68): CodeIgniter\Boot::runCodeIgniter(Object(CodeIgniter\CodeIgniter))
 7 FCPATH\index.php(59): CodeIgniter\Boot::bootWeb(Object(Config\Paths))
 8 SYSTEMPATH\rewrite.php(44): require_once('C:\\Users\\hp\\Documents\\kismayo police\\systempolic\\public\\index.php')
CRITICAL - 2026-01-21 08:15:07 --> CodeIgniter\HTTP\Exceptions\BadRequestException: The URI you submitted has disallowed characters: ""assets"
[Method: GET, Route: %22assets/js/dashboard.js]
in SYSTEMPATH\Router\Router.php on line 741.
 1 SYSTEMPATH\Router\Router.php(207): CodeIgniter\Router\Router->checkDisallowedChars('"assets/js/dashboard.js')
 2 SYSTEMPATH\CodeIgniter.php(832): CodeIgniter\Router\Router->handle('"assets/js/dashboard.js')
 3 SYSTEMPATH\CodeIgniter.php(455): CodeIgniter\CodeIgniter->tryToRouteIt(Object(CodeIgniter\Router\RouteCollection))
 4 SYSTEMPATH\CodeIgniter.php(354): CodeIgniter\CodeIgniter->handleRequest(null, Object(Config\Cache), false)
 5 SYSTEMPATH\Boot.php(363): CodeIgniter\CodeIgniter->run()
 6 SYSTEMPATH\Boot.php(68): CodeIgniter\Boot::runCodeIgniter(Object(CodeIgniter\CodeIgniter))
 7 FCPATH\index.php(59): CodeIgniter\Boot::bootWeb(Object(Config\Paths))
 8 SYSTEMPATH\rewrite.php(44): require_once('C:\\Users\\hp\\Documents\\kismayo police\\systempolic\\public\\index.php')
CRITICAL - 2026-01-21 08:17:52 --> CodeIgniter\HTTP\Exceptions\BadRequestException: The URI you submitted has disallowed characters: ""assets"
[Method: GET, Route: %22assets/js/daily-operations.js]
in SYSTEMPATH\Router\Router.php on line 741.
 1 SYSTEMPATH\Router\Router.php(207): CodeIgniter\Router\Router->checkDisallowedChars('"assets/js/daily-operations.js')
 2 SYSTEMPATH\CodeIgniter.php(832): CodeIgniter\Router\Router->handle('"assets/js/daily-operations.js')
 3 SYSTEMPATH\CodeIgniter.php(455): CodeIgniter\CodeIgniter->tryToRouteIt(Object(CodeIgniter\Router\RouteCollection))
 4 SYSTEMPATH\CodeIgniter.php(354): CodeIgniter\CodeIgniter->handleRequest(null, Object(Config\Cache), false)
 5 SYSTEMPATH\Boot.php(363): CodeIgniter\CodeIgniter->run()
 6 SYSTEMPATH\Boot.php(68): CodeIgniter\Boot::runCodeIgniter(Object(CodeIgniter\CodeIgniter))
 7 FCPATH\index.php(59): CodeIgniter\Boot::bootWeb(Object(Config\Paths))
 8 SYSTEMPATH\rewrite.php(44): require_once('C:\\Users\\hp\\Documents\\kismayo police\\systempolic\\public\\index.php')
CRITICAL - 2026-01-21 08:17:53 --> CodeIgniter\HTTP\Exceptions\BadRequestException: The URI you submitted has disallowed characters: ""assets"
[Method: GET, Route: %22assets/js/investigator-dashboard.js]
in SYSTEMPATH\Router\Router.php on line 741.
 1 SYSTEMPATH\Router\Router.php(207): CodeIgniter\Router\Router->checkDisallowedChars('"assets/js/investigator-dashboard.js')
 2 SYSTEMPATH\CodeIgniter.php(832): CodeIgniter\Router\Router->handle('"assets/js/investigator-dashboard.js')
 3 SYSTEMPATH\CodeIgniter.php(455): CodeIgniter\CodeIgniter->tryToRouteIt(Object(CodeIgniter\Router\RouteCollection))
 4 SYSTEMPATH\CodeIgniter.php(354): CodeIgniter\CodeIgniter->handleRequest(null, Object(Config\Cache), false)
 5 SYSTEMPATH\Boot.php(363): CodeIgniter\CodeIgniter->run()
 6 SYSTEMPATH\Boot.php(68): CodeIgniter\Boot::runCodeIgniter(Object(CodeIgniter\CodeIgniter))
 7 FCPATH\index.php(59): CodeIgniter\Boot::bootWeb(Object(Config\Paths))
 8 SYSTEMPATH\rewrite.php(44): require_once('C:\\Users\\hp\\Documents\\kismayo police\\systempolic\\public\\index.php')
CRITICAL - 2026-01-21 08:17:53 --> CodeIgniter\HTTP\Exceptions\BadRequestException: The URI you submitted has disallowed characters: ""assets"
[Method: GET, Route: %22assets/js/dashboard.js]
in SYSTEMPATH\Router\Router.php on line 741.
 1 SYSTEMPATH\Router\Router.php(207): CodeIgniter\Router\Router->checkDisallowedChars('"assets/js/dashboard.js')
 2 SYSTEMPATH\CodeIgniter.php(832): CodeIgniter\Router\Router->handle('"assets/js/dashboard.js')
 3 SYSTEMPATH\CodeIgniter.php(455): CodeIgniter\CodeIgniter->tryToRouteIt(Object(CodeIgniter\Router\RouteCollection))
 4 SYSTEMPATH\CodeIgniter.php(354): CodeIgniter\CodeIgniter->handleRequest(null, Object(Config\Cache), false)
 5 SYSTEMPATH\Boot.php(363): CodeIgniter\CodeIgniter->run()
 6 SYSTEMPATH\Boot.php(68): CodeIgniter\Boot::runCodeIgniter(Object(CodeIgniter\CodeIgniter))
 7 FCPATH\index.php(59): CodeIgniter\Boot::bootWeb(Object(Config\Paths))
 8 SYSTEMPATH\rewrite.php(44): require_once('C:\\Users\\hp\\Documents\\kismayo police\\systempolic\\public\\index.php')
CRITICAL - 2026-01-21 08:19:06 --> CodeIgniter\HTTP\Exceptions\BadRequestException: The URI you submitted has disallowed characters: ""assets"
[Method: GET, Route: %22assets/js/daily-operations.js]
in SYSTEMPATH\Router\Router.php on line 741.
 1 SYSTEMPATH\Router\Router.php(207): CodeIgniter\Router\Router->checkDisallowedChars('"assets/js/daily-operations.js')
 2 SYSTEMPATH\CodeIgniter.php(832): CodeIgniter\Router\Router->handle('"assets/js/daily-operations.js')
 3 SYSTEMPATH\CodeIgniter.php(455): CodeIgniter\CodeIgniter->tryToRouteIt(Object(CodeIgniter\Router\RouteCollection))
 4 SYSTEMPATH\CodeIgniter.php(354): CodeIgniter\CodeIgniter->handleRequest(null, Object(Config\Cache), false)
 5 SYSTEMPATH\Boot.php(363): CodeIgniter\CodeIgniter->run()
 6 SYSTEMPATH\Boot.php(68): CodeIgniter\Boot::runCodeIgniter(Object(CodeIgniter\CodeIgniter))
 7 FCPATH\index.php(59): CodeIgniter\Boot::bootWeb(Object(Config\Paths))
 8 SYSTEMPATH\rewrite.php(44): require_once('C:\\Users\\hp\\Documents\\kismayo police\\systempolic\\public\\index.php')
CRITICAL - 2026-01-21 08:19:07 --> CodeIgniter\HTTP\Exceptions\BadRequestException: The URI you submitted has disallowed characters: ""assets"
[Method: GET, Route: %22assets/js/investigator-dashboard.js]
in SYSTEMPATH\Router\Router.php on line 741.
 1 SYSTEMPATH\Router\Router.php(207): CodeIgniter\Router\Router->checkDisallowedChars('"assets/js/investigator-dashboard.js')
 2 SYSTEMPATH\CodeIgniter.php(832): CodeIgniter\Router\Router->handle('"assets/js/investigator-dashboard.js')
 3 SYSTEMPATH\CodeIgniter.php(455): CodeIgniter\CodeIgniter->tryToRouteIt(Object(CodeIgniter\Router\RouteCollection))
 4 SYSTEMPATH\CodeIgniter.php(354): CodeIgniter\CodeIgniter->handleRequest(null, Object(Config\Cache), false)
 5 SYSTEMPATH\Boot.php(363): CodeIgniter\CodeIgniter->run()
 6 SYSTEMPATH\Boot.php(68): CodeIgniter\Boot::runCodeIgniter(Object(CodeIgniter\CodeIgniter))
 7 FCPATH\index.php(59): CodeIgniter\Boot::bootWeb(Object(Config\Paths))
 8 SYSTEMPATH\rewrite.php(44): require_once('C:\\Users\\hp\\Documents\\kismayo police\\systempolic\\public\\index.php')
CRITICAL - 2026-01-21 08:19:07 --> CodeIgniter\HTTP\Exceptions\BadRequestException: The URI you submitted has disallowed characters: ""assets"
[Method: GET, Route: %22assets/js/dashboard.js]
in SYSTEMPATH\Router\Router.php on line 741.
 1 SYSTEMPATH\Router\Router.php(207): CodeIgniter\Router\Router->checkDisallowedChars('"assets/js/dashboard.js')
 2 SYSTEMPATH\CodeIgniter.php(832): CodeIgniter\Router\Router->handle('"assets/js/dashboard.js')
 3 SYSTEMPATH\CodeIgniter.php(455): CodeIgniter\CodeIgniter->tryToRouteIt(Object(CodeIgniter\Router\RouteCollection))
 4 SYSTEMPATH\CodeIgniter.php(354): CodeIgniter\CodeIgniter->handleRequest(null, Object(Config\Cache), false)
 5 SYSTEMPATH\Boot.php(363): CodeIgniter\CodeIgniter->run()
 6 SYSTEMPATH\Boot.php(68): CodeIgniter\Boot::runCodeIgniter(Object(CodeIgniter\CodeIgniter))
 7 FCPATH\index.php(59): CodeIgniter\Boot::bootWeb(Object(Config\Paths))
 8 SYSTEMPATH\rewrite.php(44): require_once('C:\\Users\\hp\\Documents\\kismayo police\\systempolic\\public\\index.php')
CRITICAL - 2026-01-21 08:19:41 --> CodeIgniter\HTTP\Exceptions\BadRequestException: The URI you submitted has disallowed characters: ""assets"
[Method: GET, Route: %22assets/js/daily-operations.js]
in SYSTEMPATH\Router\Router.php on line 741.
 1 SYSTEMPATH\Router\Router.php(207): CodeIgniter\Router\Router->checkDisallowedChars('"assets/js/daily-operations.js')
 2 SYSTEMPATH\CodeIgniter.php(832): CodeIgniter\Router\Router->handle('"assets/js/daily-operations.js')
 3 SYSTEMPATH\CodeIgniter.php(455): CodeIgniter\CodeIgniter->tryToRouteIt(Object(CodeIgniter\Router\RouteCollection))
 4 SYSTEMPATH\CodeIgniter.php(354): CodeIgniter\CodeIgniter->handleRequest(null, Object(Config\Cache), false)
 5 SYSTEMPATH\Boot.php(363): CodeIgniter\CodeIgniter->run()
 6 SYSTEMPATH\Boot.php(68): CodeIgniter\Boot::runCodeIgniter(Object(CodeIgniter\CodeIgniter))
 7 FCPATH\index.php(59): CodeIgniter\Boot::bootWeb(Object(Config\Paths))
 8 SYSTEMPATH\rewrite.php(44): require_once('C:\\Users\\hp\\Documents\\kismayo police\\systempolic\\public\\index.php')
CRITICAL - 2026-01-21 08:19:41 --> CodeIgniter\HTTP\Exceptions\BadRequestException: The URI you submitted has disallowed characters: ""assets"
[Method: GET, Route: %22assets/js/investigator-dashboard.js]
in SYSTEMPATH\Router\Router.php on line 741.
 1 SYSTEMPATH\Router\Router.php(207): CodeIgniter\Router\Router->checkDisallowedChars('"assets/js/investigator-dashboard.js')
 2 SYSTEMPATH\CodeIgniter.php(832): CodeIgniter\Router\Router->handle('"assets/js/investigator-dashboard.js')
 3 SYSTEMPATH\CodeIgniter.php(455): CodeIgniter\CodeIgniter->tryToRouteIt(Object(CodeIgniter\Router\RouteCollection))
 4 SYSTEMPATH\CodeIgniter.php(354): CodeIgniter\CodeIgniter->handleRequest(null, Object(Config\Cache), false)
 5 SYSTEMPATH\Boot.php(363): CodeIgniter\CodeIgniter->run()
 6 SYSTEMPATH\Boot.php(68): CodeIgniter\Boot::runCodeIgniter(Object(CodeIgniter\CodeIgniter))
 7 FCPATH\index.php(59): CodeIgniter\Boot::bootWeb(Object(Config\Paths))
 8 SYSTEMPATH\rewrite.php(44): require_once('C:\\Users\\hp\\Documents\\kismayo police\\systempolic\\public\\index.php')
CRITICAL - 2026-01-21 08:19:42 --> CodeIgniter\HTTP\Exceptions\BadRequestException: The URI you submitted has disallowed characters: ""assets"
[Method: GET, Route: %22assets/js/dashboard.js]
in SYSTEMPATH\Router\Router.php on line 741.
 1 SYSTEMPATH\Router\Router.php(207): CodeIgniter\Router\Router->checkDisallowedChars('"assets/js/dashboard.js')
 2 SYSTEMPATH\CodeIgniter.php(832): CodeIgniter\Router\Router->handle('"assets/js/dashboard.js')
 3 SYSTEMPATH\CodeIgniter.php(455): CodeIgniter\CodeIgniter->tryToRouteIt(Object(CodeIgniter\Router\RouteCollection))
 4 SYSTEMPATH\CodeIgniter.php(354): CodeIgniter\CodeIgniter->handleRequest(null, Object(Config\Cache), false)
 5 SYSTEMPATH\Boot.php(363): CodeIgniter\CodeIgniter->run()
 6 SYSTEMPATH\Boot.php(68): CodeIgniter\Boot::runCodeIgniter(Object(CodeIgniter\CodeIgniter))
 7 FCPATH\index.php(59): CodeIgniter\Boot::bootWeb(Object(Config\Paths))
 8 SYSTEMPATH\rewrite.php(44): require_once('C:\\Users\\hp\\Documents\\kismayo police\\systempolic\\public\\index.php')
CRITICAL - 2026-01-21 08:23:19 --> CodeIgniter\HTTP\Exceptions\BadRequestException: The URI you submitted has disallowed characters: ""assets"
[Method: GET, Route: %22assets/js/daily-operations.js]
in SYSTEMPATH\Router\Router.php on line 741.
 1 SYSTEMPATH\Router\Router.php(207): CodeIgniter\Router\Router->checkDisallowedChars('"assets/js/daily-operations.js')
 2 SYSTEMPATH\CodeIgniter.php(832): CodeIgniter\Router\Router->handle('"assets/js/daily-operations.js')
 3 SYSTEMPATH\CodeIgniter.php(455): CodeIgniter\CodeIgniter->tryToRouteIt(Object(CodeIgniter\Router\RouteCollection))
 4 SYSTEMPATH\CodeIgniter.php(354): CodeIgniter\CodeIgniter->handleRequest(null, Object(Config\Cache), false)
 5 SYSTEMPATH\Boot.php(363): CodeIgniter\CodeIgniter->run()
 6 SYSTEMPATH\Boot.php(68): CodeIgniter\Boot::runCodeIgniter(Object(CodeIgniter\CodeIgniter))
 7 FCPATH\index.php(59): CodeIgniter\Boot::bootWeb(Object(Config\Paths))
 8 SYSTEMPATH\rewrite.php(44): require_once('C:\\Users\\hp\\Documents\\kismayo police\\systempolic\\public\\index.php')
CRITICAL - 2026-01-21 08:23:19 --> CodeIgniter\HTTP\Exceptions\BadRequestException: The URI you submitted has disallowed characters: ""assets"
[Method: GET, Route: %22assets/js/investigator-dashboard.js]
in SYSTEMPATH\Router\Router.php on line 741.
 1 SYSTEMPATH\Router\Router.php(207): CodeIgniter\Router\Router->checkDisallowedChars('"assets/js/investigator-dashboard.js')
 2 SYSTEMPATH\CodeIgniter.php(832): CodeIgniter\Router\Router->handle('"assets/js/investigator-dashboard.js')
 3 SYSTEMPATH\CodeIgniter.php(455): CodeIgniter\CodeIgniter->tryToRouteIt(Object(CodeIgniter\Router\RouteCollection))
 4 SYSTEMPATH\CodeIgniter.php(354): CodeIgniter\CodeIgniter->handleRequest(null, Object(Config\Cache), false)
 5 SYSTEMPATH\Boot.php(363): CodeIgniter\CodeIgniter->run()
 6 SYSTEMPATH\Boot.php(68): CodeIgniter\Boot::runCodeIgniter(Object(CodeIgniter\CodeIgniter))
 7 FCPATH\index.php(59): CodeIgniter\Boot::bootWeb(Object(Config\Paths))
 8 SYSTEMPATH\rewrite.php(44): require_once('C:\\Users\\hp\\Documents\\kismayo police\\systempolic\\public\\index.php')
CRITICAL - 2026-01-21 08:23:20 --> CodeIgniter\HTTP\Exceptions\BadRequestException: The URI you submitted has disallowed characters: ""assets"
[Method: GET, Route: %22assets/js/dashboard.js]
in SYSTEMPATH\Router\Router.php on line 741.
 1 SYSTEMPATH\Router\Router.php(207): CodeIgniter\Router\Router->checkDisallowedChars('"assets/js/dashboard.js')
 2 SYSTEMPATH\CodeIgniter.php(832): CodeIgniter\Router\Router->handle('"assets/js/dashboard.js')
 3 SYSTEMPATH\CodeIgniter.php(455): CodeIgniter\CodeIgniter->tryToRouteIt(Object(CodeIgniter\Router\RouteCollection))
 4 SYSTEMPATH\CodeIgniter.php(354): CodeIgniter\CodeIgniter->handleRequest(null, Object(Config\Cache), false)
 5 SYSTEMPATH\Boot.php(363): CodeIgniter\CodeIgniter->run()
 6 SYSTEMPATH\Boot.php(68): CodeIgniter\Boot::runCodeIgniter(Object(CodeIgniter\CodeIgniter))
 7 FCPATH\index.php(59): CodeIgniter\Boot::bootWeb(Object(Config\Paths))
 8 SYSTEMPATH\rewrite.php(44): require_once('C:\\Users\\hp\\Documents\\kismayo police\\systempolic\\public\\index.php')
CRITICAL - 2026-01-21 08:24:23 --> CodeIgniter\HTTP\Exceptions\BadRequestException: The URI you submitted has disallowed characters: ""assets"
[Method: GET, Route: %22assets/js/daily-operations.js]
in SYSTEMPATH\Router\Router.php on line 741.
 1 SYSTEMPATH\Router\Router.php(207): CodeIgniter\Router\Router->checkDisallowedChars('"assets/js/daily-operations.js')
 2 SYSTEMPATH\CodeIgniter.php(832): CodeIgniter\Router\Router->handle('"assets/js/daily-operations.js')
 3 SYSTEMPATH\CodeIgniter.php(455): CodeIgniter\CodeIgniter->tryToRouteIt(Object(CodeIgniter\Router\RouteCollection))
 4 SYSTEMPATH\CodeIgniter.php(354): CodeIgniter\CodeIgniter->handleRequest(null, Object(Config\Cache), false)
 5 SYSTEMPATH\Boot.php(363): CodeIgniter\CodeIgniter->run()
 6 SYSTEMPATH\Boot.php(68): CodeIgniter\Boot::runCodeIgniter(Object(CodeIgniter\CodeIgniter))
 7 FCPATH\index.php(59): CodeIgniter\Boot::bootWeb(Object(Config\Paths))
 8 SYSTEMPATH\rewrite.php(44): require_once('C:\\Users\\hp\\Documents\\kismayo police\\systempolic\\public\\index.php')
CRITICAL - 2026-01-21 08:24:23 --> CodeIgniter\HTTP\Exceptions\BadRequestException: The URI you submitted has disallowed characters: ""assets"
[Method: GET, Route: %22assets/js/investigator-dashboard.js]
in SYSTEMPATH\Router\Router.php on line 741.
 1 SYSTEMPATH\Router\Router.php(207): CodeIgniter\Router\Router->checkDisallowedChars('"assets/js/investigator-dashboard.js')
 2 SYSTEMPATH\CodeIgniter.php(832): CodeIgniter\Router\Router->handle('"assets/js/investigator-dashboard.js')
 3 SYSTEMPATH\CodeIgniter.php(455): CodeIgniter\CodeIgniter->tryToRouteIt(Object(CodeIgniter\Router\RouteCollection))
 4 SYSTEMPATH\CodeIgniter.php(354): CodeIgniter\CodeIgniter->handleRequest(null, Object(Config\Cache), false)
 5 SYSTEMPATH\Boot.php(363): CodeIgniter\CodeIgniter->run()
 6 SYSTEMPATH\Boot.php(68): CodeIgniter\Boot::runCodeIgniter(Object(CodeIgniter\CodeIgniter))
 7 FCPATH\index.php(59): CodeIgniter\Boot::bootWeb(Object(Config\Paths))
 8 SYSTEMPATH\rewrite.php(44): require_once('C:\\Users\\hp\\Documents\\kismayo police\\systempolic\\public\\index.php')
CRITICAL - 2026-01-21 08:24:23 --> CodeIgniter\HTTP\Exceptions\BadRequestException: The URI you submitted has disallowed characters: ""assets"
[Method: GET, Route: %22assets/js/dashboard.js]
in SYSTEMPATH\Router\Router.php on line 741.
 1 SYSTEMPATH\Router\Router.php(207): CodeIgniter\Router\Router->checkDisallowedChars('"assets/js/dashboard.js')
 2 SYSTEMPATH\CodeIgniter.php(832): CodeIgniter\Router\Router->handle('"assets/js/dashboard.js')
 3 SYSTEMPATH\CodeIgniter.php(455): CodeIgniter\CodeIgniter->tryToRouteIt(Object(CodeIgniter\Router\RouteCollection))
 4 SYSTEMPATH\CodeIgniter.php(354): CodeIgniter\CodeIgniter->handleRequest(null, Object(Config\Cache), false)
 5 SYSTEMPATH\Boot.php(363): CodeIgniter\CodeIgniter->run()
 6 SYSTEMPATH\Boot.php(68): CodeIgniter\Boot::runCodeIgniter(Object(CodeIgniter\CodeIgniter))
 7 FCPATH\index.php(59): CodeIgniter\Boot::bootWeb(Object(Config\Paths))
 8 SYSTEMPATH\rewrite.php(44): require_once('C:\\Users\\hp\\Documents\\kismayo police\\systempolic\\public\\index.php')
ERROR - 2026-01-21 11:57:38 --> mysqli_sql_exception: Unknown column 'c.court_acknowledgment' in 'where clause' in C:\Users\hp\Documents\kismayo police\systempolic\vendor\codeigniter4\framework\system\Database\MySQLi\Connection.php:327
Stack trace:
#0 C:\Users\hp\Documents\kismayo police\systempolic\vendor\codeigniter4\framework\system\Database\MySQLi\Connection.php(327): mysqli->query('\r\n            S...', 0)
#1 C:\Users\hp\Documents\kismayo police\systempolic\vendor\codeigniter4\framework\system\Database\BaseConnection.php(729): CodeIgniter\Database\MySQLi\Connection->execute('\r\n            S...')
#2 C:\Users\hp\Documents\kismayo police\systempolic\vendor\codeigniter4\framework\system\Database\BaseConnection.php(646): CodeIgniter\Database\BaseConnection->simpleQuery('\r\n            S...')
#3 C:\Users\hp\Documents\kismayo police\systempolic\app\Controllers\Investigation\CaseController.php(188): CodeIgniter\Database\BaseConnection->query('\r\n            S...')
#4 C:\Users\hp\Documents\kismayo police\systempolic\vendor\codeigniter4\framework\system\CodeIgniter.php(933): App\Controllers\Investigation\CaseController->getInvestigatorDashboardStats()
#5 C:\Users\hp\Documents\kismayo police\systempolic\vendor\codeigniter4\framework\system\CodeIgniter.php(507): CodeIgniter\CodeIgniter->runController(Object(App\Controllers\Investigation\CaseController))
#6 C:\Users\hp\Documents\kismayo police\systempolic\vendor\codeigniter4\framework\system\CodeIgniter.php(354): CodeIgniter\CodeIgniter->handleRequest(NULL, Object(Config\Cache), false)
#7 C:\Users\hp\Documents\kismayo police\systempolic\vendor\codeigniter4\framework\system\Boot.php(363): CodeIgniter\CodeIgniter->run()
#8 C:\Users\hp\Documents\kismayo police\systempolic\vendor\codeigniter4\framework\system\Boot.php(68): CodeIgniter\Boot::runCodeIgniter(Object(CodeIgniter\CodeIgniter))
#9 C:\Users\hp\Documents\kismayo police\systempolic\public\index.php(59): CodeIgniter\Boot::bootWeb(Object(Config\Paths))
#10 C:\Users\hp\Documents\kismayo police\systempolic\vendor\codeigniter4\framework\system\rewrite.php(44): require_once('C:\\Users\\hp\\Doc...')
#11 {main}
CRITICAL - 2026-01-21 11:57:38 --> CodeIgniter\Database\Exceptions\DatabaseException: Unknown column 'c.court_acknowledgment' in 'where clause'
[Method: GET, Route: investigation/dashboard/stats]
in SYSTEMPATH\Database\BaseConnection.php on line 684.
 1 APPPATH\Controllers\Investigation\CaseController.php(188): CodeIgniter\Database\BaseConnection->query('
            SELECT COUNT(*) as count 
            FROM cases c 
            WHERE 1=1 AND EXISTS (
                SELECT 1 FROM case_assignments ca 
                WHERE ca.case_id = c.id AND ca.investigator_id = 30
            ) 
                AND c.status = \'closed\' 
                AND c.closure_type = \'court_closure\'
                AND c.court_acknowledgment IS NOT NULL
        ')
 2 SYSTEMPATH\CodeIgniter.php(933): App\Controllers\Investigation\CaseController->getInvestigatorDashboardStats()
 3 SYSTEMPATH\CodeIgniter.php(507): CodeIgniter\CodeIgniter->runController(Object(App\Controllers\Investigation\CaseController))
 4 SYSTEMPATH\CodeIgniter.php(354): CodeIgniter\CodeIgniter->handleRequest(null, Object(Config\Cache), false)
 5 SYSTEMPATH\Boot.php(363): CodeIgniter\CodeIgniter->run()
 6 SYSTEMPATH\Boot.php(68): CodeIgniter\Boot::runCodeIgniter(Object(CodeIgniter\CodeIgniter))
 7 FCPATH\index.php(59): CodeIgniter\Boot::bootWeb(Object(Config\Paths))
 8 SYSTEMPATH\rewrite.php(44): require_once('C:\\Users\\hp\\Documents\\kismayo police\\systempolic\\public\\index.php')
CRITICAL - 2026-01-21 11:57:38 --> [Caused by] CodeIgniter\Database\Exceptions\DatabaseException: Unknown column 'c.court_acknowledgment' in 'where clause'
in SYSTEMPATH\Database\MySQLi\Connection.php on line 332.
 1 SYSTEMPATH\Database\BaseConnection.php(729): CodeIgniter\Database\MySQLi\Connection->execute('
            SELECT COUNT(*) as count 
            FROM cases c 
            WHERE 1=1 AND EXISTS (
                SELECT 1 FROM case_assignments ca 
                WHERE ca.case_id = c.id AND ca.investigator_id = 30
            ) 
                AND c.status = \'closed\' 
                AND c.closure_type = \'court_closure\'
                AND c.court_acknowledgment IS NOT NULL
        ')
 2 SYSTEMPATH\Database\BaseConnection.php(646): CodeIgniter\Database\BaseConnection->simpleQuery('
            SELECT COUNT(*) as count 
            FROM cases c 
            WHERE 1=1 AND EXISTS (
                SELECT 1 FROM case_assignments ca 
                WHERE ca.case_id = c.id AND ca.investigator_id = 30
            ) 
                AND c.status = \'closed\' 
                AND c.closure_type = \'court_closure\'
                AND c.court_acknowledgment IS NOT NULL
        ')
 3 APPPATH\Controllers\Investigation\CaseController.php(188): CodeIgniter\Database\BaseConnection->query('
            SELECT COUNT(*) as count 
            FROM cases c 
            WHERE 1=1 AND EXISTS (
                SELECT 1 FROM case_assignments ca 
                WHERE ca.case_id = c.id AND ca.investigator_id = 30
            ) 
                AND c.status = \'closed\' 
                AND c.closure_type = \'court_closure\'
                AND c.court_acknowledgment IS NOT NULL
        ')
 4 SYSTEMPATH\CodeIgniter.php(933): App\Controllers\Investigation\CaseController->getInvestigatorDashboardStats()
 5 SYSTEMPATH\CodeIgniter.php(507): CodeIgniter\CodeIgniter->runController(Object(App\Controllers\Investigation\CaseController))
 6 SYSTEMPATH\CodeIgniter.php(354): CodeIgniter\CodeIgniter->handleRequest(null, Object(Config\Cache), false)
 7 SYSTEMPATH\Boot.php(363): CodeIgniter\CodeIgniter->run()
 8 SYSTEMPATH\Boot.php(68): CodeIgniter\Boot::runCodeIgniter(Object(CodeIgniter\CodeIgniter))
 9 FCPATH\index.php(59): CodeIgniter\Boot::bootWeb(Object(Config\Paths))
10 SYSTEMPATH\rewrite.php(44): require_once('C:\\Users\\hp\\Documents\\kismayo police\\systempolic\\public\\index.php')
CRITICAL - 2026-01-21 11:57:38 --> [Caused by] mysqli_sql_exception: Unknown column 'c.court_acknowledgment' in 'where clause'
in SYSTEMPATH\Database\MySQLi\Connection.php on line 327.
 1 SYSTEMPATH\Database\MySQLi\Connection.php(327): mysqli->query('
            SELECT COUNT(*) as count 
            FROM cases c 
            WHERE 1=1 AND EXISTS (
                SELECT 1 FROM case_assignments ca 
                WHERE ca.case_id = c.id AND ca.investigator_id = 30
            ) 
                AND c.status = \'closed\' 
                AND c.closure_type = \'court_closure\'
                AND c.court_acknowledgment IS NOT NULL
        ', 0)
 2 SYSTEMPATH\Database\BaseConnection.php(729): CodeIgniter\Database\MySQLi\Connection->execute('
            SELECT COUNT(*) as count 
            FROM cases c 
            WHERE 1=1 AND EXISTS (
                SELECT 1 FROM case_assignments ca 
                WHERE ca.case_id = c.id AND ca.investigator_id = 30
            ) 
                AND c.status = \'closed\' 
                AND c.closure_type = \'court_closure\'
                AND c.court_acknowledgment IS NOT NULL
        ')
 3 SYSTEMPATH\Database\BaseConnection.php(646): CodeIgniter\Database\BaseConnection->simpleQuery('
            SELECT COUNT(*) as count 
            FROM cases c 
            WHERE 1=1 AND EXISTS (
                SELECT 1 FROM case_assignments ca 
                WHERE ca.case_id = c.id AND ca.investigator_id = 30
            ) 
                AND c.status = \'closed\' 
                AND c.closure_type = \'court_closure\'
                AND c.court_acknowledgment IS NOT NULL
        ')
 4 APPPATH\Controllers\Investigation\CaseController.php(188): CodeIgniter\Database\BaseConnection->query('
            SELECT COUNT(*) as count 
            FROM cases c 
            WHERE 1=1 AND EXISTS (
                SELECT 1 FROM case_assignments ca 
                WHERE ca.case_id = c.id AND ca.investigator_id = 30
            ) 
                AND c.status = \'closed\' 
                AND c.closure_type = \'court_closure\'
                AND c.court_acknowledgment IS NOT NULL
        ')
 5 SYSTEMPATH\CodeIgniter.php(933): App\Controllers\Investigation\CaseController->getInvestigatorDashboardStats()
 6 SYSTEMPATH\CodeIgniter.php(507): CodeIgniter\CodeIgniter->runController(Object(App\Controllers\Investigation\CaseController))
 7 SYSTEMPATH\CodeIgniter.php(354): CodeIgniter\CodeIgniter->handleRequest(null, Object(Config\Cache), false)
 8 SYSTEMPATH\Boot.php(363): CodeIgniter\CodeIgniter->run()
 9 SYSTEMPATH\Boot.php(68): CodeIgniter\Boot::runCodeIgniter(Object(CodeIgniter\CodeIgniter))
10 FCPATH\index.php(59): CodeIgniter\Boot::bootWeb(Object(Config\Paths))
11 SYSTEMPATH\rewrite.php(44): require_once('C:\\Users\\hp\\Documents\\kismayo police\\systempolic\\public\\index.php')
